<?xml version="1.0" encoding="UTF-8"?>
<testsuite name="repositories.ElementRepositoryTest" time="1.787" tests="7" errors="0" skipped="0" failures="4">
  <properties>
    <property name="java.runtime.name" value="OpenJDK Runtime Environment"/>
    <property name="sun.boot.library.path" value="/home/ebraun/.sdkman/candidates/java/8u131-zulu/jre/lib/amd64"/>
    <property name="java.vm.version" value="25.131-b11"/>
    <property name="java.vm.vendor" value="Azul Systems, Inc."/>
    <property name="maven.multiModuleProjectDirectory" value="/home/ebraun/Documents/Github/WebApp/com.astontech.hr"/>
    <property name="java.vendor.url" value="http://www.azulsystems.com/"/>
    <property name="path.separator" value=":"/>
    <property name="guice.disable.misplaced.annotation.check" value="true"/>
    <property name="java.vm.name" value="OpenJDK 64-Bit Server VM"/>
    <property name="file.encoding.pkg" value="sun.io"/>
    <property name="user.country" value="US"/>
    <property name="sun.java.launcher" value="SUN_STANDARD"/>
    <property name="sun.os.patch.level" value="unknown"/>
    <property name="java.vm.specification.name" value="Java Virtual Machine Specification"/>
    <property name="user.dir" value="/home/ebraun/Documents/Github/WebApp/com.astontech.hr"/>
    <property name="java.runtime.version" value="1.8.0_131-b11"/>
    <property name="java.awt.graphicsenv" value="sun.awt.X11GraphicsEnvironment"/>
    <property name="java.endorsed.dirs" value="/home/ebraun/.sdkman/candidates/java/8u131-zulu/jre/lib/endorsed"/>
    <property name="os.arch" value="amd64"/>
    <property name="java.io.tmpdir" value="/tmp"/>
    <property name="line.separator" value="&#10;"/>
    <property name="java.vm.specification.vendor" value="Oracle Corporation"/>
    <property name="os.name" value="Linux"/>
    <property name="classworlds.conf" value="/home/ebraun/.sdkman/candidates/maven/current/bin/m2.conf"/>
    <property name="sun.jnu.encoding" value="UTF-8"/>
    <property name="java.library.path" value="/home/ebraun/.local/share/umake/ide/idea-ultimate/bin::/usr/java/packages/lib/amd64:/usr/lib64:/lib64:/lib:/usr/lib"/>
    <property name="maven.conf" value="/home/ebraun/.sdkman/candidates/maven/current/conf"/>
    <property name="java.specification.name" value="Java Platform API Specification"/>
    <property name="java.class.version" value="52.0"/>
    <property name="sun.management.compiler" value="HotSpot 64-Bit Tiered Compilers"/>
    <property name="os.version" value="4.10.0-32-generic"/>
    <property name="library.jansi.path" value="/home/ebraun/.sdkman/candidates/maven/current/lib/jansi-native/linux64"/>
    <property name="user.home" value="/home/ebraun"/>
    <property name="user.timezone" value="America/Chicago"/>
    <property name="java.awt.printerjob" value="sun.print.PSPrinterJob"/>
    <property name="java.specification.version" value="1.8"/>
    <property name="file.encoding" value="UTF-8"/>
    <property name="user.name" value="ebraun"/>
    <property name="java.class.path" value="/home/ebraun/.sdkman/candidates/maven/current/boot/plexus-classworlds-2.5.2.jar"/>
    <property name="java.vm.specification.version" value="1.8"/>
    <property name="sun.arch.data.model" value="64"/>
    <property name="java.home" value="/home/ebraun/.sdkman/candidates/java/8u131-zulu/jre"/>
    <property name="sun.java.command" value="org.codehaus.plexus.classworlds.launcher.Launcher clean install"/>
    <property name="java.specification.vendor" value="Oracle Corporation"/>
    <property name="user.language" value="en"/>
    <property name="awt.toolkit" value="sun.awt.X11.XToolkit"/>
    <property name="java.vm.info" value="mixed mode"/>
    <property name="java.version" value="1.8.0_131"/>
    <property name="java.ext.dirs" value="/home/ebraun/.sdkman/candidates/java/8u131-zulu/jre/lib/ext:/usr/java/packages/lib/ext"/>
    <property name="securerandom.source" value="file:/dev/./urandom"/>
    <property name="sun.boot.class.path" value="/home/ebraun/.sdkman/candidates/java/8u131-zulu/jre/lib/resources.jar:/home/ebraun/.sdkman/candidates/java/8u131-zulu/jre/lib/rt.jar:/home/ebraun/.sdkman/candidates/java/8u131-zulu/jre/lib/sunrsasign.jar:/home/ebraun/.sdkman/candidates/java/8u131-zulu/jre/lib/jsse.jar:/home/ebraun/.sdkman/candidates/java/8u131-zulu/jre/lib/jce.jar:/home/ebraun/.sdkman/candidates/java/8u131-zulu/jre/lib/charsets.jar:/home/ebraun/.sdkman/candidates/java/8u131-zulu/jre/lib/jfr.jar:/home/ebraun/.sdkman/candidates/java/8u131-zulu/jre/classes"/>
    <property name="java.vendor" value="Azul Systems, Inc."/>
    <property name="maven.home" value="/home/ebraun/.sdkman/candidates/maven/current"/>
    <property name="file.separator" value="/"/>
    <property name="java.vendor.url.bug" value="http://www.azulsystems.com/support/"/>
    <property name="sun.cpu.endian" value="little"/>
    <property name="sun.io.unicode.encoding" value="UnicodeLittle"/>
    <property name="sun.desktop" value="gnome"/>
    <property name="sun.cpu.isalist" value=""/>
  </properties>
  <testcase name="testSaveElement" classname="repositories.ElementRepositoryTest" time="0.354"/>
  <testcase name="testFindByName" classname="repositories.ElementRepositoryTest" time="0.347"/>
  <testcase name="testDeleteByName" classname="repositories.ElementRepositoryTest" time="0.293"/>
  <testcase name="testCountByName" classname="repositories.ElementRepositoryTest" time="0.265">
    <failure message="expected:&lt;2&gt; but was:&lt;3&gt;" type="java.lang.AssertionError"><![CDATA[java.lang.AssertionError: expected:<2> but was:<3>
	at org.junit.Assert.fail(Assert.java:88)
	at org.junit.Assert.failNotEquals(Assert.java:834)
	at org.junit.Assert.assertEquals(Assert.java:645)
	at org.junit.Assert.assertEquals(Assert.java:631)
	at repositories.ElementRepositoryTest.testCountByName(ElementRepositoryTest.java:129)
]]></failure>
  </testcase>
  <testcase name="testFindAllByName" classname="repositories.ElementRepositoryTest" time="0.165">
    <failure message="expected:&lt;3&gt; but was:&lt;4&gt;" type="java.lang.AssertionError"><![CDATA[java.lang.AssertionError: expected:<3> but was:<4>
	at org.junit.Assert.fail(Assert.java:88)
	at org.junit.Assert.failNotEquals(Assert.java:834)
	at org.junit.Assert.assertEquals(Assert.java:645)
	at org.junit.Assert.assertEquals(Assert.java:631)
	at repositories.ElementRepositoryTest.testFindAllByName(ElementRepositoryTest.java:98)
]]></failure>
  </testcase>
  <testcase name="testFindAllByNameIgnoreCase" classname="repositories.ElementRepositoryTest" time="0.259">
    <failure message="expected:&lt;3&gt; but was:&lt;7&gt;" type="java.lang.AssertionError"><![CDATA[java.lang.AssertionError: expected:<3> but was:<7>
	at org.junit.Assert.fail(Assert.java:88)
	at org.junit.Assert.failNotEquals(Assert.java:834)
	at org.junit.Assert.assertEquals(Assert.java:645)
	at org.junit.Assert.assertEquals(Assert.java:631)
	at repositories.ElementRepositoryTest.testFindAllByNameIgnoreCase(ElementRepositoryTest.java:114)
]]></failure>
  </testcase>
  <testcase name="testSaveElementList" classname="repositories.ElementRepositoryTest" time="0.104">
    <failure message="expected:&lt;4&gt; but was:&lt;16&gt;" type="java.lang.AssertionError"><![CDATA[java.lang.AssertionError: expected:<4> but was:<16>
	at org.junit.Assert.fail(Assert.java:88)
	at org.junit.Assert.failNotEquals(Assert.java:834)
	at org.junit.Assert.assertEquals(Assert.java:645)
	at org.junit.Assert.assertEquals(Assert.java:631)
	at repositories.ElementRepositoryTest.testSaveElementList(ElementRepositoryTest.java:72)
]]></failure>
    <system-out><![CDATA[count1 Email
count2 FindTest
count3 element1
count4 element1
count5 element1
count6 element2
count7 FindTest
count8 FindTest
count9 FindTest
count10 findTest
count11 Findtest
count12 FiNdTest
count13 Phone
count14 Email
count15 Laptop
count16 PayRate
]]></system-out>
  </testcase>
</testsuite>