<?xml version="1.0" encoding="UTF-8"?>
<testsuite name="repositories.ElementRepositoryTest" time="1.787" tests="7" errors="0" skipped="0" failures="4">
  <properties>
[...]
</properties>
  <testcase name="testSaveElement" classname="repositories.ElementRepositoryTest" time="0.354"/>
  <testcase name="testFindByName" classname="repositories.ElementRepositoryTest" time="0.347"/>
  <testcase name="testDeleteByName" classname="repositories.ElementRepositoryTest" time="0.293"/>
  <testcase name="testCountByName" classname="repositories.ElementRepositoryTest" time="0.265">
    <failure message="expected:&lt;2&gt; but was:&lt;3&gt;" type="java.lang.AssertionError"><![CDATA[java.lang.AssertionError: expected:<2> but was:<3>
	at org.junit.Assert.fail(Assert.java:88)
	at org.junit.Assert.failNotEquals(Assert.java:834)
	at org.junit.Assert.assertEquals(Assert.java:645)
	at org.junit.Assert.assertEquals(Assert.java:631)
	at repositories.ElementRepositoryTest.testCountByName(ElementRepositoryTest.java:129)
]]></failure>
  </testcase>
  <testcase name="testFindAllByName" classname="repositories.ElementRepositoryTest" time="0.165">
    <failure message="expected:&lt;3&gt; but was:&lt;4&gt;" type="java.lang.AssertionError"><![CDATA[java.lang.AssertionError: expected:<3> but was:<4>
	at org.junit.Assert.fail(Assert.java:88)
	at org.junit.Assert.failNotEquals(Assert.java:834)
	at org.junit.Assert.assertEquals(Assert.java:645)
	at org.junit.Assert.assertEquals(Assert.java:631)
	at repositories.ElementRepositoryTest.testFindAllByName(ElementRepositoryTest.java:98)
]]></failure>
  </testcase>
  <testcase name="testFindAllByNameIgnoreCase" classname="repositories.ElementRepositoryTest" time="0.259">
    <failure message="expected:&lt;3&gt; but was:&lt;7&gt;" type="java.lang.AssertionError"><![CDATA[java.lang.AssertionError: expected:<3> but was:<7>
	at org.junit.Assert.fail(Assert.java:88)
	at org.junit.Assert.failNotEquals(Assert.java:834)
	at org.junit.Assert.assertEquals(Assert.java:645)
	at org.junit.Assert.assertEquals(Assert.java:631)
	at repositories.ElementRepositoryTest.testFindAllByNameIgnoreCase(ElementRepositoryTest.java:114)
]]></failure>
  </testcase>
  <testcase name="testSaveElementList" classname="repositories.ElementRepositoryTest" time="0.104">
    <failure message="expected:&lt;4&gt; but was:&lt;16&gt;" type="java.lang.AssertionError"><![CDATA[java.lang.AssertionError: expected:<4> but was:<16>
	at org.junit.Assert.fail(Assert.java:88)
	at org.junit.Assert.failNotEquals(Assert.java:834)
	at org.junit.Assert.assertEquals(Assert.java:645)
	at org.junit.Assert.assertEquals(Assert.java:631)
	at repositories.ElementRepositoryTest.testSaveElementList(ElementRepositoryTest.java:72)
]]></failure>
    <system-out><![CDATA[count1 Email
count2 FindTest
count3 element1
count4 element1
count5 element1
count6 element2
count7 FindTest
count8 FindTest
count9 FindTest
count10 findTest
count11 Findtest
count12 FiNdTest
count13 Phone
count14 Email
count15 Laptop
count16 PayRate
]]></system-out>
  </testcase>
</testsuite>